Server has started on port 3000
saveComment01: 1
saveComment02: TYPE HERE..
saveComment03: Likewise my thought, TYPE HERE.. feels this class is not easy. Of course...
saveComment04: also, TYPE HERE.. thinks this class should be more than 7 weeks. So do I.
saveComment05:  Shawn, this is message from TYPE HERE... 
saveComment06: undefined
getComments
saveComment01: 2
saveComment02: HOW MANY THIS TIME?
saveComment03: Likewise my thought, HOW MANY THIS TIME? feels this class is not easy. Of course...
saveComment04: also, HOW MANY THIS TIME? thinks this class should be more than 7 weeks. So do I.
saveComment05:  Shawn, this is message from HOW MANY THIS TIME?. 
saveComment06: undefined
getComments
saveComment01: 3
saveComment02: AV
saveComment03: Likewise my thought, AV feels this class is not easy. Of course...
saveComment04: also, AV thinks this class should be more than 7 weeks. So do I.
saveComment05:  Shawn, this is message from AV. 
saveComment06: undefined
getComments
No request handler found for /hello.html
saveComment01: 4
saveComment02: ANONYMOUS
saveComment03: But, I know you might be Shawn....
saveComment04: I'm 100% sure you must be Shawn!
saveComment05: Shawn, are you trying to message to yourself? Anyway, this is a message from Shawn. 
saveComment06: undefined
getComments
saveComment01: 5
saveComment02: PLEASE RESET THE DATABASE
saveComment03: Likewise my thought, PLEASE RESET THE DATABASE feels this class is not easy. Of course...
saveComment04: also, PLEASE RESET THE DATABASE thinks this class should be more than 7 weeks. So do I.
saveComment05:  Shawn, this is message from PLEASE RESET THE DATABASE. 
saveComment06: undefined
getComments
getComments
No request handler found for /favicon.ico
saveComment01: 6
saveComment02: AVAGAIN
saveComment03: Likewise my thought, AVAGAIN feels this class is not easy. Of course...
saveComment04: also, AVAGAIN thinks this class should be more than 7 weeks. So do I.
saveComment05:  Shawn, this is message from AVAGAIN. 
saveComment06: undefined
getComments
saveComment01: 7
saveComment02: AV
saveComment03: Likewise my thought, AV feels this class is not easy. Of course...
saveComment04: also, AV thinks this class should be more than 7 weeks. So do I.
saveComment05:  Shawn, this is message from AV. 
saveComment06: undefined
getComments
saveComment01: 8
saveComment02: WHYWHYWHYWHYWHYWHY
saveComment03: Likewise my thought, WHYWHYWHYWHYWHYWHY feels this class is not easy. Of course...
saveComment04: also, WHYWHYWHYWHYWHYWHY thinks this class should be more than 7 weeks. So do I.
saveComment05:  Shawn, this is message from WHYWHYWHYWHYWHYWHY. 
saveComment06: undefined
getComments
getComments
No request handler found for /favicon.ico
getComments
getComments
