Server has started on port 3001
No request handler found for /
No request handler found for /favicon.ico
No request handler found for /1
No request handler found for /1
No request handler found for /favicon.ico
No request handler found for /favicon.ico
No request handler found for /1
No request handler found for /favicon.ico
No request handler found for /1
No request handler found for /1
No request handler found for /favicon.ico
No request handler found for /1
No request handler found for /1
error: Forever detected script was killed by signal: SIGKILL
error: Script restart attempt #1
Server has started on port 3001
No request handler found for /favicon.ico
No request handler found for /favicon.ico
No request handler found for /favicon.ico
No request handler found for /image/laDefense.jpg
No request handler found for /favicon.ico
No request handler found for /favicon.ico
No request handler found for /favicon.ico
error: Forever detected script was killed by signal: SIGKILL
error: Script restart attempt #2
Server has started on port 3001
No request handler found for /favicon.ico
No request handler found for /favicon.ico
No request handler found for /1
No request handler found for /robots.txt
No request handler found for /robots.txt
No request handler found for /robots.txt
No request handler found for /favicon.ico
No request handler found for /favicon.ico
No request handler found for /favicon.ico
No request handler found for /favicon.ico
No request handler found for /favicon.ico
No request handler found for /favicon.ico
No request handler found for /favicon.ico
No request handler found for /favicon.ico
No request handler found for /favicon.ico
No request handler found for /favicon.ico
No request handler found for /favicon.ico
No request handler found for /favicon.ico
No request handler found for /favicon.ico
No request handler found for /favicon.ico
No request handler found for /favicon.ico
No request handler found for /favicon.ico
No request handler found for /favicon.ico
No request handler found for /favicon.ico
No request handler found for /favicon.ico
No request handler found for /samples
No request handler found for /samples/
No request handler found for /audio/BD.mp3
No request handler found for /favicon.ico
No request handler found for /favicon.ico
No request handler found for /favicon.ico
No request handler found for /favicon.ico
No request handler found for /favicon.ico
No request handler found for /favicon.ico
No request handler found for /favicon.ico
No request handler found for /favicon.ico
No request handler found for /favicon.ico
No request handler found for /favicon.ico
No request handler found for /favicon.ico
No request handler found for /favicon.ico
No request handler found for /favicon.ico
No request handler found for /favicon.ico
No request handler found for /favicon.ico
No request handler found for /favicon.ico
No request handler found for /favicon.ico
No request handler found for /favicon.ico
No request handler found for /favicon.ico
No request handler found for /favicon.ico
No request handler found for /favicon.ico
No request handler found for /favicon.ico
No request handler found for /favicon.ico
No request handler found for /favicon.ico
No request handler found for /apple-touch-icon-precomposed.png
No request handler found for /apple-touch-icon.png
No request handler found for /favicon.ico
No request handler found for /favicon.ico
No request handler found for /apple-touch-icon-precomposed.png
No request handler found for /apple-touch-icon.png
No request handler found for /favicon.ico
No request handler found for /apple-touch-icon-precomposed.png
No request handler found for /apple-touch-icon.png
No request handler found for /favicon.ico
No request handler found for /apple-touch-icon-precomposed.png
No request handler found for /apple-touch-icon.png
No request handler found for /favicon.ico
No request handler found for /apple-touch-icon-precomposed.png
No request handler found for /apple-touch-icon.png
No request handler found for /favicon.ico
No request handler found for /apple-touch-icon-precomposed.png
No request handler found for /apple-touch-icon.png
No request handler found for /favicon.ico
No request handler found for /apple-touch-icon-precomposed.png
No request handler found for /apple-touch-icon.png
No request handler found for /favicon.ico
No request handler found for /favicon.ico
No request handler found for /apple-touch-icon-precomposed.png
No request handler found for /apple-touch-icon.png
error: Forever detected script was killed by signal: SIGKILL
error: Script restart attempt #3
Server has started on port 3001
No request handler found for /favicon.ico
No request handler found for /apple-touch-icon-precomposed.png
No request handler found for /apple-touch-icon.png
No request handler found for /favicon.ico
No request handler found for /apple-touch-icon-precomposed.png
No request handler found for /apple-touch-icon.png
No request handler found for /favicon.ico
No request handler found for /favicon.ico
No request handler found for /favicon.ico
No request handler found for /apple-touch-icon-precomposed.png
No request handler found for /apple-touch-icon.png
No request handler found for /apple-touch-icon-precomposed.png
No request handler found for /apple-touch-icon.png
No request handler found for /favicon.ico
No request handler found for /apple-touch-icon-precomposed.png
No request handler found for /apple-touch-icon.png
No request handler found for /apple-touch-icon-precomposed.png
No request handler found for /apple-touch-icon.png
No request handler found for /favicon.ico
No request handler found for /apple-touch-icon-precomposed.png
No request handler found for /apple-touch-icon.png
No request handler found for /apple-touch-icon-precomposed.png
No request handler found for /apple-touch-icon.png
No request handler found for /robots.txt
No request handler found for /apple-touch-icon-precomposed.png
No request handler found for /favicon.ico
No request handler found for /apple-touch-icon.png
No request handler found for /apple-touch-icon-precomposed.png
No request handler found for /apple-touch-icon.png
No request handler found for /apple-touch-icon-precomposed.png
No request handler found for /favicon.ico
No request handler found for /apple-touch-icon.png
No request handler found for /apple-touch-icon-precomposed.png
No request handler found for /apple-touch-icon.png
No request handler found for /favicon.ico
No request handler found for /apple-touch-icon-precomposed.png
No request handler found for /apple-touch-icon.png
No request handler found for /apple-touch-icon-precomposed.png
No request handler found for /apple-touch-icon.png
No request handler found for /apple-touch-icon-precomposed.png
No request handler found for /favicon.ico
No request handler found for /apple-touch-icon.png
No request handler found for /apple-touch-icon-precomposed.png
No request handler found for /apple-touch-icon.png
No request handler found for /apple-touch-icon-precomposed.png
No request handler found for /favicon.ico
No request handler found for /apple-touch-icon.png
No request handler found for /apple-touch-icon-precomposed.png
No request handler found for /apple-touch-icon.png
No request handler found for /favicon.ico
No request handler found for /favicon.ico
No request handler found for /favicon.ico
No request handler found for /favicon.ico
No request handler found for /apple-touch-icon-precomposed.png
No request handler found for /favicon.ico
No request handler found for /apple-touch-icon.png
No request handler found for /apple-touch-icon-precomposed.png
No request handler found for /apple-touch-icon.png
No request handler found for /favicon.ico
No request handler found for /favicon.ico
No request handler found for /favicon.ico
No request handler found for /favicon.ico
No request handler found for /favicon.ico
No request handler found for /apple-touch-icon-precomposed.png
No request handler found for /apple-touch-icon.png
No request handler found for /apple-touch-icon-precomposed.png
No request handler found for /apple-touch-icon.png
No request handler found for /nice%20ports%2C/Tri%6Eity.txt%2ebak
No request handler found for /favicon.ico
No request handler found for /favicon.ico
No request handler found for /apple-touch-icon-precomposed.png
No request handler found for /apple-touch-icon.png
No request handler found for /apple-touch-icon-precomposed.png
No request handler found for /apple-touch-icon.png
No request handler found for /favicon.ico
No request handler found for /apple-touch-icon-precomposed.png
No request handler found for /apple-touch-icon.png
No request handler found for /apple-touch-icon-precomposed.png
No request handler found for /apple-touch-icon.png
No request handler found for /favicon.ico
No request handler found for /apple-touch-icon-precomposed.png
No request handler found for /apple-touch-icon.png
No request handler found for /apple-touch-icon-precomposed.png
No request handler found for /apple-touch-icon.png
No request handler found for /robots.txt
No request handler found for /apple-touch-icon-precomposed.png
No request handler found for /favicon.ico
No request handler found for /apple-touch-icon.png
No request handler found for /apple-touch-icon-precomposed.png
No request handler found for /apple-touch-icon.png
No request handler found for /favicon.ico
No request handler found for /apple-touch-icon-precomposed.png
No request handler found for /favicon.ico
No request handler found for /apple-touch-icon.png
No request handler found for /apple-touch-icon-precomposed.png
No request handler found for /apple-touch-icon.png
No request handler found for /apple-touch-icon-precomposed.png
No request handler found for /favicon.ico
No request handler found for /apple-touch-icon.png
No request handler found for /apple-touch-icon-precomposed.png
No request handler found for /apple-touch-icon.png
No request handler found for /favicon.ico
No request handler found for /apple-touch-icon-precomposed.png
No request handler found for /apple-touch-icon.png
No request handler found for /apple-touch-icon-precomposed.png
No request handler found for /apple-touch-icon.png
No request handler found for /favicon.ico
No request handler found for /apple-touch-icon-precomposed.png
No request handler found for /apple-touch-icon.png
No request handler found for /apple-touch-icon-precomposed.png
No request handler found for /apple-touch-icon.png
