Server has started on port 3001
No request handler found for /savecommentA
No request handler found for /savecommentA
No request handler found for /savecommentA
No request handler found for /savecommentA
No request handler found for /favicon.ico
No request handler found for /savecommentA
No request handler found for /savecommentA
getComments

/root/avpersonalserver/GuestBook02/node_modules/servi/lib/response.js:78
    if (err) throw err;
                   ^
Error: ENOENT, open '/root/avpersonalserver/GuestBook02/index.html'
error: Forever detected script exited with code: 8
error: Script restart attempt #1
Server has started on port 3001
getComments

/root/avpersonalserver/GuestBook02/node_modules/servi/lib/response.js:78
    if (err) throw err;
                   ^
Error: ENOENT, open '/root/avpersonalserver/GuestBook02/index.html'
error: Forever detected script exited with code: 8

/usr/local/lib/node_modules/forever/node_modules/forever-monitor/node_modules/broadway/node_modules/eventemitter2/lib/eventemitter2.js:290
          throw arguments[1]; // Unhandled 'error' event
                         ^
Error: Cannot stop process that is not running.
    at /usr/local/lib/node_modules/forever/node_modules/forever-monitor/lib/forever-monitor/monitor.js:332:26
    at process._tickCallback (node.js:419:13)
