Server has started on port 3001
saveComment01: 1
saveComment02: TEST
saveComment03: Likewise my thought, TEST feels this class is not easy. Of course...
saveComment04: also, TEST thinks this class should be more than 7 weeks. So do I.
saveComment05:  Shawn, this is message from TEST. 
saveComment06: undefined
getComments
saveComment01: 2
saveComment02: TYPE HERE..
saveComment03: Likewise my thought, TYPE HERE.. feels this class is not easy. Of course...
saveComment04: also, TYPE HERE.. thinks this class should be more than 7 weeks. So do I.
saveComment05:  Shawn, this is message from TYPE HERE... 
saveComment06: undefined
getComments
No request handler found for /favicon.ico
saveComment01: 3
saveComment02: TYPE HERE..
saveComment03: But, I know you might be Shawn....
saveComment04: I'm 100% sure you must be Shawn!
saveComment05: Shawn, are you trying to message to yourself? Anyway, this is a message from Shawn. 
saveComment06: undefined
getComments
getComments
saveComment01: 4
saveComment02: AV
saveComment03: Likewise my thought, AV feels this class is not easy. Of course...
saveComment04: also, AV thinks this class should be more than 7 weeks. So do I.
saveComment05:  Shawn, this is message from AV. 
saveComment06: undefined
getComments
getComments
getComments
getComments
getComments
getComments
getComments
saveComment01: 5
saveComment02: THIS IS 5TH
saveComment03: But, I know you might be Shawn....
saveComment04: also, THIS IS 5TH thinks this class should be more than 7 weeks. So do I.
saveComment05:  Shawn, this is message from THIS IS 5TH. 
saveComment06: undefined
getComments
getComments
saveComment01: 6
saveComment02: THIS IS 6TH TEST
saveComment03: Likewise my thought, THIS IS 6TH TEST feels this class is not easy. Of course...
saveComment04: also, THIS IS 6TH TEST thinks this class should be more than 7 weeks. So do I.
saveComment05:  Shawn, this is message from THIS IS 6TH TEST. 
saveComment06: undefined
getComments
saveComment01: 7
saveComment02: 7TH
saveComment03: But, I know you might be Shawn....
saveComment04: I'm 100% sure you must be Shawn!
saveComment05: Shawn, are you trying to message to yourself? Anyway, this is a message from Shawn. 
saveComment06: undefined
getComments
saveComment01: 8
saveComment02: WOW
saveComment03: But, I know you might be Shawn....
saveComment04: also, WOW thinks this class should be more than 7 weeks. So do I.
saveComment05:  Shawn, this is message from WOW. 
saveComment06: undefined
getComments
saveComment01: 9
saveComment02: THIS IS TEST AGAIN
saveComment03: But, I know you might be Shawn....
saveComment04: I'm 100% sure you must be Shawn!
saveComment05: Shawn, are you trying to message to yourself? Anyway, this is a message from Shawn. 
saveComment06: undefined
getComments
getComments
No request handler found for /favicon.ico
getComments
No request handler found for /favicon.ico
saveComment01: 10
saveComment02: TYPE HERE..
saveComment03: Likewise my thought, TYPE HERE.. feels this class is not easy. Of course...
saveComment04: I'm 100% sure you must be Shawn!
saveComment05: Shawn, are you trying to message to yourself? Anyway, this is a message from Shawn. 
saveComment06: undefined
getComments
No request handler found for /favicon.ico
saveComment01: 11
saveComment02: EDSON
saveComment03: Likewise my thought, EDSON feels this class is not easy. Of course...
saveComment04: also, EDSON thinks this class should be more than 7 weeks. So do I.
saveComment05:  Shawn, this is message from EDSON. 
saveComment06: undefined
getComments
No request handler found for /favicon.ico
saveComment01: 12
saveComment02: SEHYUN
saveComment03: Likewise my thought, SEHYUN feels this class is not easy. Of course...
saveComment04: also, SEHYUN thinks this class should be more than 7 weeks. So do I.
saveComment05:  Shawn, this is message from SEHYUN. 
saveComment06: undefined
getComments
getComments
getComments
getComments
saveComment01: 13
saveComment02: TEST
saveComment03: Likewise my thought, TEST feels this class is not easy. Of course...
saveComment04: also, TEST thinks this class should be more than 7 weeks. So do I.
saveComment05:  Shawn, this is message from TEST. 
saveComment06: undefined
getComments
saveComment01: 14
saveComment02: IM 14TH
saveComment03: Likewise my thought, IM 14TH feels this class is not easy. Of course...
saveComment04: also, IM 14TH thinks this class should be more than 7 weeks. So do I.
saveComment05:  Shawn, this is message from IM 14TH. 
saveComment06: undefined
getComments
getComments
saveComment01: 15
saveComment02: 15TH
saveComment03: Likewise my thought, 15TH feels this class is not easy. Of course...
saveComment04: also, 15TH thinks this class should be more than 7 weeks. So do I.
saveComment05:  Shawn, this is message from 15TH. 
saveComment06: undefined
getComments
getComments
getComments
getComments
getComments
getComments
getComments
getComments
getComments
saveComment01: 16
saveComment02: 16TH
saveComment03: Likewise my thought, 16TH feels this class is not easy. Of course...
saveComment04: also, 16TH thinks this class should be more than 7 weeks. So do I.
saveComment05:  Shawn, this is message from 16TH. 
saveComment06: undefined
getComments
saveComment01: 17
saveComment02: I CAN'T REMEMBER
saveComment03: Likewise my thought, I CAN'T REMEMBER feels this class is not easy. Of course...
saveComment04: also, I CAN'T REMEMBER thinks this class should be more than 7 weeks. So do I.
saveComment05:  Shawn, this is message from I CAN'T REMEMBER. 
saveComment06: undefined
getComments
saveComment01: 18
saveComment02: 17TH?
saveComment03: Likewise my thought, 17TH? feels this class is not easy. Of course...
saveComment04: also, 17TH? thinks this class should be more than 7 weeks. So do I.
saveComment05:  Shawn, this is message from 17TH?. 
saveComment06: undefined
getComments
saveComment01: 19
saveComment02: 18TH
saveComment03: Likewise my thought, 18TH feels this class is not easy. Of course...
saveComment04: also, 18TH thinks this class should be more than 7 weeks. So do I.
saveComment05:  Shawn, this is message from 18TH. 
saveComment06: undefined
getComments
saveComment01: 20
saveComment02: 20TH?
saveComment03: But, I know you might be Shawn....
saveComment04: I'm 100% sure you must be Shawn!
saveComment05: Shawn, are you trying to message to yourself? Anyway, this is a message from Shawn. 
saveComment06: undefined
getComments
saveComment01: 21
saveComment02: 21TH
saveComment03: Likewise my thought, 21TH feels this class is not easy. Of course...
saveComment04: also, 21TH thinks this class should be more than 7 weeks. So do I.
saveComment05:  Shawn, this is message from 21TH. 
saveComment06: undefined
getComments
saveComment01: 22
saveComment02: TYPE HERE..
saveComment03: Likewise my thought, TYPE HERE.. feels this class is not easy. Of course...
saveComment04: also, TYPE HERE.. thinks this class should be more than 7 weeks. So do I.
saveComment05:  Shawn, this is message from TYPE HERE... 
saveComment06: undefined
getComments
getComments
saveComment01: 23
saveComment02: TYPE HERE..
saveComment03: Likewise my thought, TYPE HERE.. feels this class is not easy. Of course...
saveComment04: also, TYPE HERE.. thinks this class should be more than 7 weeks. So do I.
saveComment05:  Shawn, this is message from TYPE HERE... 
saveComment06: undefined
getComments
