Server has started on port 3002
No request handler found for /build/three.min.js
No request handler found for /js/Detector.js
No request handler found for /js/libs/stats.min.js
No request handler found for /favicon.ico
No request handler found for /build/three.min.js
No request handler found for /js/Detector.js
No request handler found for /js/libs/stats.min.js
No request handler found for /build/three.min.js
No request handler found for /js/Detector.js
No request handler found for /js/libs/stats.min.js
No request handler found for /js/Detector.js
No request handler found for /build/three.min.js
No request handler found for /js/libs/stats.min.js
No request handler found for /build/three.min.js
No request handler found for /js/Detector.js
No request handler found for /js/libs/stats.min.js
No request handler found for /build/three.min.js
No request handler found for /js/Detector.js
No request handler found for /js/libs/stats.min.js
No request handler found for /js/Detector.js
No request handler found for /build/three.min.js
No request handler found for /js/libs/stats.min.js
No request handler found for /build/three.min.js
No request handler found for /js/libs/stats.min.js
No request handler found for /js/Detector.js
No request handler found for /build/three.min.js
No request handler found for /js/libs/stats.min.js
No request handler found for /js/Detector.js
No request handler found for /build/three.min.js
No request handler found for /js/Detector.js
No request handler found for /js/libs/stats.min.js
No request handler found for /build/three.min.js
No request handler found for /js/Detector.js
No request handler found for /js/libs/stats.min.js
No request handler found for /build/three.min.js
No request handler found for /js/Detector.js
No request handler found for /js/libs/stats.min.js
No request handler found for /js/Detector.js
No request handler found for /build/three.min.js
No request handler found for /js/libs/stats.min.js
No request handler found for /build/three.min.js
No request handler found for /js/libs/stats.min.js
No request handler found for /js/Detector.js
No request handler found for /build/three.min.js
No request handler found for /js/Detector.js
No request handler found for /js/libs/stats.min.js
No request handler found for /build/three.min.js
No request handler found for /js/Detector.js
No request handler found for /js/libs/stats.min.js
No request handler found for /build/three.min.js
No request handler found for /js/Detector.js
No request handler found for /js/libs/stats.min.js
No request handler found for /build/three.min.js
No request handler found for /js/Detector.js
No request handler found for /js/libs/stats.min.js
No request handler found for /Detector.js
No request handler found for /Detector.js
No request handler found for /1
No request handler found for /1
No request handler found for /1
No request handler found for /1
No request handler found for /favicon.ico
No request handler found for /1
No request handler found for /favicon.ico
No request handler found for /1
No request handler found for /favicon.ico
No request handler found for /1
No request handler found for /2
No request handler found for /build/three.min.js
No request handler found for /js/renderers/CanvasRenderer.js
No request handler found for /js/renderers/Projector.js
No request handler found for /js/libs/stats.min.js
No request handler found for /1
No request handler found for /1
No request handler found for /1
No request handler found for /1
No request handler found for /1
No request handler found for /1
No request handler found for /1
No request handler found for /1
No request handler found for /1
No request handler found for /1
No request handler found for /1
No request handler found for /1
No request handler found for /1
No request handler found for /1
No request handler found for /1
No request handler found for /1
No request handler found for /1
No request handler found for /1
No request handler found for /2
No request handler found for /2
No request handler found for /2
No request handler found for /1
No request handler found for /1
No request handler found for /1
No request handler found for /1
No request handler found for /1
No request handler found for /1
No request handler found for /1
No request handler found for /1
No request handler found for /1
No request handler found for /1
No request handler found for /1
No request handler found for /1
No request handler found for /1
No request handler found for /1
No request handler found for /1
No request handler found for /favicon.ico
No request handler found for /favicon.ico
No request handler found for /1
No request handler found for /favicon.ico
No request handler found for /1
No request handler found for /1
No request handler found for /1
No request handler found for /1
No request handler found for /1
No request handler found for /1
No request handler found for /1
No request handler found for /1
No request handler found for /1
No request handler found for /1
No request handler found for /1
No request handler found for /1
No request handler found for /1
No request handler found for /1
No request handler found for /1
No request handler found for /1
No request handler found for /1
No request handler found for /1
No request handler found for /1
No request handler found for /1
No request handler found for /1
No request handler found for /favicon.ico
No request handler found for /favicon.ico
No request handler found for /favicon.ico
No request handler found for /favicon.ico
No request handler found for /favicon.ico
No request handler found for /favicon.ico
No request handler found for /favicon.ico
No request handler found for /favicon.ico
No request handler found for /favicon.ico
No request handler found for /favicon.ico
No request handler found for /favicon.ico
No request handler found for /favicon.ico
No request handler found for /favicon.ico
No request handler found for /favicon.ico
No request handler found for /favicon.ico
No request handler found for /favicon.ico
No request handler found for /favicon.ico
No request handler found for /favicon.ico
No request handler found for /favicon.ico
No request handler found for /favicon.ico
No request handler found for /favicon.ico
No request handler found for /favicon.ico
error: Forever detected script was killed by signal: SIGKILL
error: Script restart attempt #1
Server has started on port 3002
No request handler found for /favicon.ico
No request handler found for /favicon.ico
No request handler found for /favicon.ico
No request handler found for /favicon.ico
No request handler found for /favicon.ico
No request handler found for /favicon.ico
No request handler found for /favicon.ico
No request handler found for /favicon.ico
No request handler found for /favicon.ico
No request handler found for /favicon.ico
No request handler found for /favicon.ico
No request handler found for /favicon.ico
No request handler found for /favicon.ico
No request handler found for /favicon.ico
No request handler found for /favicon.ico
