Server has started on port 3003
No request handler found for /p5.js
No request handler found for /favicon.ico
No request handler found for /favicon.ico
No request handler found for /favicon.ico
No request handler found for /favicon.ico
No request handler found for /favicon.ico
No request handler found for /favicon.ico
No request handler found for /favicon.ico
No request handler found for /favicon.ico
No request handler found for /favicon.ico
No request handler found for /favicon.ico
No request handler found for /favicon.ico
No request handler found for /favicon.ico
No request handler found for /favicon.ico
No request handler found for /favicon.ico
No request handler found for /favicon.ico
No request handler found for /favicon.ico
No request handler found for /image/cloud_01.png
No request handler found for /image/cloud_02.png
No request handler found for /image/cloud_04.png
No request handler found for /image/cloud_03.png
No request handler found for /image/cloud_01.png
No request handler found for /image/cloud_03.png
No request handler found for /image/cloud_02.png
No request handler found for /image/cloud_04.png
No request handler found for /image/cloud_01.png
No request handler found for /image/cloud_03.png
No request handler found for /image/cloud_02.png
No request handler found for /image/cloud_04.png
No request handler found for /image/cloud_01.png
No request handler found for /image/cloud_03.png
No request handler found for /image/cloud_02.png
No request handler found for /image/cloud_04.png
No request handler found for /image/cloud_01.png
No request handler found for /image/cloud_03.png
No request handler found for /image/cloud_02.png
No request handler found for /image/cloud_04.png
No request handler found for /image/cloud_01.png
No request handler found for /image/cloud_03.png
No request handler found for /image/cloud_02.png
No request handler found for /image/cloud_04.png
No request handler found for /image/cloud_01.png
No request handler found for /image/cloud_03.png
No request handler found for /image/cloud_02.png
No request handler found for /image/cloud_04.png
No request handler found for /image/cloud_01.png
No request handler found for /image/cloud_03.png
No request handler found for /image/cloud_02.png
No request handler found for /image/cloud_04.png
No request handler found for /favicon.ico
No request handler found for /Character.js
No request handler found for /Character.js
No request handler found for /Character.js
No request handler found for /Character.js
No request handler found for /character.png
No request handler found for /character.png
No request handler found for /favicon.ico
No request handler found for /favicon.ico
No request handler found for /favicon.ico
error: Forever detected script was killed by signal: SIGKILL
error: Script restart attempt #1
Server has started on port 3003
No request handler found for /bgForBrightness.png
No request handler found for /bgForBrightness.png
No request handler found for /bgForBrightness.png
No request handler found for /bgForBrightness.png
No request handler found for /favicon.ico
No request handler found for /favicon.ico
No request handler found for /favicon.ico
No request handler found for /favicon.ico
No request handler found for /favicon.ico
No request handler found for /favicon.ico
No request handler found for /favicon.ico
No request handler found for /favicon.ico
No request handler found for /favicon.ico
No request handler found for /favicon.ico
No request handler found for /robots.txt
No request handler found for /favicon.ico
No request handler found for /robots.txt
No request handler found for /robots.txt
No request handler found for /robots.txt
No request handler found for /robots.txt
No request handler found for /favicon.ico
No request handler found for /favicon.ico
No request handler found for /favicon.ico
No request handler found for /favicon.ico
No request handler found for /robots.txt
No request handler found for /favicon.ico
No request handler found for /favicon.ico
No request handler found for /favicon.ico
No request handler found for /robots.txt
No request handler found for /favicon.ico
No request handler found for /robots.txt
No request handler found for /nice%20ports%2C/Tri%6Eity.txt%2ebak
No request handler found for /favicon.ico
No request handler found for /favicon.ico
No request handler found for /favicon.ico
No request handler found for /robots.txt
No request handler found for /favicon.ico
No request handler found for /favicon.ico
No request handler found for /robots.txt
No request handler found for /favicon.ico
No request handler found for /favicon.ico
No request handler found for /favicon.ico
No request handler found for /favicon.ico
No request handler found for /favicon.ico
No request handler found for /robots.txt
