Server has started on port 3004
No request handler found for /favicon.ico
No request handler found for /Detector.js
No request handler found for /Detector.js
No request handler found for /Detector.js
No request handler found for /Detector.js
No request handler found for /Detector.js
No request handler found for /Detector.js
No request handler found for /Detector.js
No request handler found for /Detector.js
No request handler found for /Detector.js
No request handler found for /Detector.js
No request handler found for /Detector.js
No request handler found for /Detector.js
No request handler found for /Detector.js
No request handler found for /Detector.js
No request handler found for /1
No request handler found for /1
No request handler found for /1
No request handler found for /1
No request handler found for /1
No request handler found for /favicon.ico
No request handler found for /favicon.ico
No request handler found for /favicon.ico
No request handler found for /favicon.ico
No request handler found for /favicon.ico
No request handler found for /favicon.ico
No request handler found for /favicon.ico
No request handler found for /favicon.ico
No request handler found for /favicon.ico
No request handler found for /favicon.ico
No request handler found for /1
No request handler found for /favicon.ico
No request handler found for /favicon.ico
No request handler found for /favicon.ico
No request handler found for /favicon.ico
No request handler found for /favicon.ico
No request handler found for /favicon.ico
No request handler found for /favicon.ico
No request handler found for /favicon.ico
No request handler found for /favicon.ico
No request handler found for /favicon.ico
No request handler found for /favicon.ico
No request handler found for /favicon.ico
No request handler found for /favicon.ico
No request handler found for /favicon.ico
No request handler found for /favicon.ico
error: Forever detected script was killed by signal: SIGKILL
error: Script restart attempt #1
Server has started on port 3004
No request handler found for /favicon.ico
