Server has started on port 3000
No request handler found for /favicon.ico
No request handler found for /hello_2.html
No request handler found for /dday.html
No request handler found for /img_01.png
No request handler found for /img_01.png
No request handler found for /img_01.png
No request handler found for /img_01.png
No request handler found for /favicon.ico
No request handler found for /favicon.ico
No request handler found for /favicon.ico
No request handler found for /robots.txt
No request handler found for /favicon.ico
No request handler found for /
No request handler found for /GuestBook02
No request handler found for /GuestBook02/server.js
No request handler found for /savecommentA
No request handler found for /savecommentA
No request handler found for /savecommentA
No request handler found for /savecommentA
No request handler found for /savecommentA
No request handler found for /savecommentA
No request handler found for /savecommentA
No request handler found for /savecomment
No request handler found for /savecommentA
No request handler found for /savecommentA
No request handler found for /savecommentA
No request handler found for /savecommentA
No request handler found for /savecommentA
No request handler found for /savecommentA
No request handler found for /savecommentA
No request handler found for /savecommentA
No request handler found for /savecommentA
No request handler found for /savecommentA
No request handler found for /savecommentA
No request handler found for /savecommentA
No request handler found for /savecommentA
No request handler found for /savecommentA
No request handler found for /savecommentA
No request handler found for /savecommentA
No request handler found for /favicon.ico
No request handler found for /savecommentA
No request handler found for /
No request handler found for /
No request handler found for /
No request handler found for /
No request handler found for /
No request handler found for /
No request handler found for /
No request handler found for /
No request handler found for /
No request handler found for /
No request handler found for /
No request handler found for /
No request handler found for /
No request handler found for /
No request handler found for /
No request handler found for /
No request handler found for /
No request handler found for /
No request handler found for /
No request handler found for /
No request handler found for /
No request handler found for /
No request handler found for /
No request handler found for /
No request handler found for /
No request handler found for /
No request handler found for /hello.html
No request handler found for /hello.html
No request handler found for /hello.html
No request handler found for /
No request handler found for /
No request handler found for /dday.html
No request handler found for /savecommentA
No request handler found for /favicon.ico
No request handler found for /
No request handler found for /hello.html
No request handler found for /
No request handler found for /
No request handler found for /
No request handler found for /hello.html
No request handler found for /
No request handler found for /hello.html
No request handler found for /favicon.ico
No request handler found for /
No request handler found for /
No request handler found for /dday.html
No request handler found for /favicon.ico
No request handler found for /robots.txt
No request handler found for /hello_2.html
No request handler found for /
No request handler found for /960_12_col.css
No request handler found for /hello.html
No request handler found for /favicon.ico
No request handler found for /hello.html
