Server has started on port 3006
No request handler found for /src/three.js
No request handler found for /favicon.ico
No request handler found for /src/three.js
No request handler found for /src/three.js
No request handler found for /src/three.js
No request handler found for /src/three.js
No request handler found for /src/objects/ObjectLoader.js
No request handler found for /src/objects/ObjectLoader.js
No request handler found for /src/objects/ObjectLoader.js
No request handler found for /src/ObjLoader.js
No request handler found for /src/ObjLoader.js
No request handler found for /src/ObjLoader.js
No request handler found for /src/ObjLoader.js
No request handler found for /obj/male02/male02.obj
No request handler found for /textures/UV_Grid_Sm.jpg
No request handler found for /favicon.ico
No request handler found for /favicon.ico
No request handler found for /favicon.ico
No request handler found for /favicon.ico
No request handler found for /src/Detector.js
No request handler found for /src/Detector.js
No request handler found for /src/Detector.js
No request handler found for /src/Detector.js
No request handler found for /src/Detector.js
No request handler found for /resources/p2.png
No request handler found for /resources/p1.png
No request handler found for /resources/p3.png
No request handler found for /resources/p4.png
No request handler found for /resources/p5.png
No request handler found for /src/Detector.js
No request handler found for /resources/p1.png
No request handler found for /resources/p5.png
No request handler found for /resources/p2.png
No request handler found for /resources/p4.png
No request handler found for /resources/p3.png
No request handler found for /src/Detector.js
No request handler found for /resources/p1.png
No request handler found for /resources/p4.png
No request handler found for /resources/p3.png
No request handler found for /resources/p2.png
No request handler found for /resources/p5.png
No request handler found for /src/Detector.js
No request handler found for /resources/p1.png
No request handler found for /resources/p4.png
No request handler found for /resources/p3.png
No request handler found for /resources/p2.png
No request handler found for /resources/p5.png
No request handler found for /src/Detector.js
No request handler found for /resources/p1.png
No request handler found for /resources/p4.png
No request handler found for /resources/p3.png
No request handler found for /resources/p2.png
No request handler found for /resources/p5.png
No request handler found for /src/Detector.js
No request handler found for /resources/p2.png
No request handler found for /resources/p1.png
No request handler found for /resources/p4.png
No request handler found for /resources/p3.png
No request handler found for /resources/p5.png
No request handler found for /favicon.ico
No request handler found for /favicon.ico
No request handler found for /1
No request handler found for /resources/grass.jpg
No request handler found for /resources/grass.jpg
No request handler found for /resources/grass.jpg
No request handler found for /resources/grass.jpg
error: Forever detected script was killed by signal: SIGKILL
error: Script restart attempt #1
Server has started on port 3006
No request handler found for /favicon.ico
error: Forever detected script was killed by signal: SIGKILL
error: Script restart attempt #2
Server has started on port 3006
No request handler found for /favicon.ico
No request handler found for /favicon.ico
No request handler found for /favicon.ico
No request handler found for /resources/
No request handler found for /favicon.ico
No request handler found for /favicon.ico
No request handler found for /favicon.ico
error: Forever detected script was killed by signal: SIGKILL
error: Script restart attempt #3
Server has started on port 3006
error: Forever detected script was killed by signal: SIGKILL
error: Script restart attempt #4
Server has started on port 3006
error: Forever detected script was killed by signal: SIGKILL
error: Script restart attempt #5
Server has started on port 3006
error: Forever detected script was killed by signal: SIGKILL
error: Script restart attempt #6
Server has started on port 3006
error: Forever detected script was killed by signal: SIGKILL
error: Script restart attempt #7
Server has started on port 3006
error: Forever detected script was killed by signal: SIGKILL
error: Script restart attempt #8
Server has started on port 3006
error: Forever detected script was killed by signal: SIGKILL
error: Script restart attempt #9
Server has started on port 3006
error: Forever detected script was killed by signal: SIGKILL
error: Script restart attempt #10
Server has started on port 3006
error: Forever detected script was killed by signal: SIGKILL
error: Script restart attempt #11
Server has started on port 3006
No request handler found for /favicon.ico
No request handler found for /favicon.ico
No request handler found for /favicon.ico
No request handler found for /favicon.ico
No request handler found for /favicon.ico
No request handler found for /favicon.ico
No request handler found for /favicon.ico
error: Forever detected script was killed by signal: SIGKILL
error: Script restart attempt #12
Server has started on port 3006
No request handler found for /favicon.ico
No request handler found for /favicon.ico
No request handler found for /favicon.ico
No request handler found for /favicon.ico
No request handler found for /favicon.ico
No request handler found for /favicon.ico
No request handler found for /favicon.ico
No request handler found for /favicon.ico
No request handler found for /favicon.ico
No request handler found for /resources
No request handler found for /resources/wall.jg
error: Forever detected script was killed by signal: SIGKILL
error: Script restart attempt #13
Server has started on port 3006
No request handler found for /favicon.ico
No request handler found for /favicon.ico
No request handler found for /favicon.ico
No request handler found for /favicon.ico
No request handler found for /favicon.ico
No request handler found for /favicon.ico
No request handler found for /favicon.ico
No request handler found for /favicon.ico
No request handler found for /favicon.ico
No request handler found for /favicon.ico
No request handler found for /nice%20ports%2C/Tri%6Eity.txt%2ebak
